
> web@0.0.0 typecheck C:\hytel1\pnpm-mono-repo-template\apps\web
> tsc --noEmit

src/hooks/useAuth.ts(44,19): error TS2739: Type '{ uid: string; email: string; displayName: string; role: null; onboardingComplete: false; createdAt: FieldValue; }' is missing the following properties from type '{ uid: string; email: string; displayName: string; role: "TRAINEE" | "TRAINER" | null; onboardingComplete: boolean; inventory: string[]; stats: { currentPushupLevel: number; weight: number; }; photoURL?: string | ... 1 more ... | undefined; createdAt?: any; }': inventory, stats
src/hooks/useAuth.ts(83,23): error TS2739: Type '{ uid: string; email: string; displayName: string; role: null; onboardingComplete: false; createdAt: FieldValue; }' is missing the following properties from type '{ uid: string; email: string; displayName: string; role: "TRAINEE" | "TRAINER" | null; onboardingComplete: boolean; inventory: string[]; stats: { currentPushupLevel: number; weight: number; }; photoURL?: string | ... 1 more ... | undefined; createdAt?: any; }': inventory, stats
src/hooks/useAuth.ts(100,26): error TS2345: Argument of type '{ uid: string; email: string; displayName: string; role: null; onboardingComplete: false; createdAt: FieldValue; }' is not assignable to parameter of type 'SetStateAction<{ uid: string; email: string; displayName: string; role: "TRAINEE" | "TRAINER" | null; onboardingComplete: boolean; inventory: string[]; stats: { currentPushupLevel: number; weight: number; }; photoURL?: string | ... 1 more ... | undefined; createdAt?: any; } | null>'.
  Type '{ uid: string; email: string; displayName: string; role: null; onboardingComplete: false; createdAt: FieldValue; }' is missing the following properties from type '{ uid: string; email: string; displayName: string; role: "TRAINEE" | "TRAINER" | null; onboardingComplete: boolean; inventory: string[]; stats: { currentPushupLevel: number; weight: number; }; photoURL?: string | ... 1 more ... | undefined; createdAt?: any; }': inventory, stats
src/hooks/useAuth.ts(112,24): error TS2345: Argument of type '{ uid: string; email: string; displayName: string; role: null; onboardingComplete: false; createdAt: FieldValue; }' is not assignable to parameter of type 'SetStateAction<{ uid: string; email: string; displayName: string; role: "TRAINEE" | "TRAINER" | null; onboardingComplete: boolean; inventory: string[]; stats: { currentPushupLevel: number; weight: number; }; photoURL?: string | ... 1 more ... | undefined; createdAt?: any; } | null>'.
  Type '{ uid: string; email: string; displayName: string; role: null; onboardingComplete: false; createdAt: FieldValue; }' is missing the following properties from type '{ uid: string; email: string; displayName: string; role: "TRAINEE" | "TRAINER" | null; onboardingComplete: boolean; inventory: string[]; stats: { currentPushupLevel: number; weight: number; }; photoURL?: string | ... 1 more ... | undefined; createdAt?: any; }': inventory, stats
src/hooks/useUsers.ts(1,22): error TS2307: Cannot find module '../lib/trpc' or its corresponding type declarations.
 ELIFECYCLE  Command failed with exit code 2.
